SF:lib\domain\core\failures.dart
DA:7,0
DA:10,0
DA:13,0
LF:3
LH:0
end_of_record
SF:lib\domain\core\value_validators.dart
DA:4,4
DA:5,8
DA:6,4
DA:8,2
DA:9,2
DA:13,4
DA:15,8
DA:16,4
DA:17,2
DA:19,4
LF:10
LH:10
end_of_record
SF:lib\domain\data_models\value_objects.dart
DA:8,3
DA:11,1
DA:15,4
DA:18,9
DA:20,0
DA:21,0
DA:28,1
DA:29,2
DA:32,1
LF:9
LH:7
end_of_record
SF:lib\domain\data_models\value_validators.dart
DA:4,1
DA:5,1
DA:6,2
DA:8,1
LF:4
LH:4
end_of_record
SF:lib\domain\data_models\weather.dart
DA:9,2
DA:10,0
DA:18,1
DA:19,2
DA:20,2
DA:21,2
DA:22,2
DA:23,2
DA:26,0
DA:27,0
DA:30,0
DA:31,0
DA:32,0
DA:33,0
DA:36,0
DA:37,0
DA:38,0
DA:39,0
DA:42,0
DA:43,0
DA:44,0
DA:45,0
LF:22
LH:7
end_of_record
SF:lib\domain\data_models\weather_value_objects.dart
DA:16,3
DA:17,6
DA:20,0
DA:21,0
DA:22,0
DA:23,0
DA:26,3
DA:35,2
DA:36,4
DA:39,2
DA:48,2
DA:49,4
DA:52,2
DA:61,2
DA:62,4
DA:65,2
DA:73,3
DA:74,6
DA:75,3
DA:78,1
DA:79,2
DA:80,6
DA:83,3
DA:85,1
DA:89,1
DA:91,2
DA:93,4
DA:94,3
DA:95,2
DA:101,0
DA:102,0
LF:31
LH:25
end_of_record
SF:lib\domain\repositories\repository_failures.dart
DA:7,0
DA:8,0
DA:9,0
DA:10,0
DA:12,0
DA:14,0
LF:6
LH:0
end_of_record
SF:lib\domain\data_models\weather_value_validators.dart
DA:5,3
DA:8,9
DA:9,6
DA:10,3
DA:12,2
LF:5
LH:5
end_of_record
SF:lib\infrastructure\data_models\coordinates_dto.dart
DA:10,0
DA:14,1
DA:15,1
DA:21,0
DA:26,2
LF:5
LH:3
end_of_record
SF:lib\infrastructure\data_models\coordinates_dto.g.dart
DA:9,1
DA:10,1
DA:11,2
DA:14,0
DA:15,0
DA:16,0
DA:19,2
DA:20,2
DA:21,2
DA:24,0
DA:25,0
DA:26,0
LF:12
LH:6
end_of_record
SF:lib\infrastructure\data_models\weather_dto.dart
DA:11,1
DA:18,1
DA:20,1
DA:21,2
DA:22,6
DA:25,1
DA:26,3
DA:27,3
DA:28,3
DA:29,3
DA:33,1
DA:34,1
DA:35,2
DA:36,2
DA:37,2
DA:38,2
DA:39,1
DA:40,5
LF:18
LH:18
end_of_record
SF:lib\infrastructure\repositories\openweather_repository.dart
DA:17,1
DA:19,1
DA:20,3
DA:21,1
DA:28,5
DA:32,2
DA:33,5
DA:34,1
DA:37,1
DA:38,1
DA:39,1
DA:40,1
DA:41,1
DA:42,1
DA:43,1
DA:44,1
DA:46,0
DA:47,1
DA:48,1
DA:49,1
DA:50,1
DA:53,1
DA:54,1
DA:55,0
DA:58,2
LF:25
LH:23
end_of_record
SF:lib\domain\data_models\city_weather.dart
DA:14,1
DA:16,1
DA:18,1
DA:19,1
DA:20,1
DA:21,1
DA:25,4
DA:26,1
DA:30,0
DA:31,0
DA:34,0
DA:36,3
DA:37,1
DA:39,0
DA:40,0
DA:42,0
DA:46,0
DA:47,0
DA:48,0
DA:49,0
DA:52,0
DA:54,0
LF:22
LH:10
end_of_record
SF:lib\application\add_edit_city\add_edit_city_state.dart
DA:5,0
DA:6,0
DA:7,0
DA:9,0
LF:4
LH:0
end_of_record
SF:lib\application\add_edit_city\add_edit_city_event.dart
DA:5,0
LF:1
LH:0
end_of_record
SF:lib\application\add_edit_city\add_edit_city_bloc.dart
DA:17,0
DA:18,0
DA:19,0
DA:22,0
DA:24,0
DA:26,0
DA:27,0
DA:29,0
DA:30,0
DA:34,0
DA:35,0
DA:36,0
DA:38,0
DA:39,0
DA:40,0
LF:15
LH:0
end_of_record
SF:lib\domain\data_models\city_name_and_favorite.dart
DA:8,0
DA:12,1
DA:13,1
LF:3
LH:2
end_of_record
SF:lib\domain\data_models\city_name_and_favorite.g.dart
DA:9,1
DA:11,1
DA:12,1
DA:13,1
DA:16,1
DA:18,1
DA:19,1
DA:20,1
LF:8
LH:8
end_of_record
SF:lib\application\cities_overview\cities_overview_bloc.dart
DA:21,0
DA:23,0
DA:24,0
DA:26,0
DA:28,0
DA:29,0
DA:30,0
DA:31,0
DA:33,0
DA:34,0
DA:35,0
DA:37,0
DA:38,0
DA:40,0
DA:41,0
DA:42,0
DA:43,0
DA:46,0
DA:50,0
DA:52,0
DA:53,0
DA:54,0
DA:55,0
DA:56,0
DA:57,0
DA:58,0
DA:59,0
DA:60,0
DA:61,0
DA:62,0
DA:64,0
DA:67,0
DA:68,0
DA:69,0
DA:73,0
DA:74,0
DA:75,0
DA:76,0
DA:77,0
DA:79,0
DA:80,0
DA:81,0
DA:82,0
DA:83,0
DA:84,0
DA:85,0
DA:86,0
DA:90,0
DA:91,0
DA:92,0
DA:93,0
DA:94,0
DA:95,0
DA:96,0
DA:104,0
DA:105,0
DA:106,0
DA:107,0
DA:108,0
DA:109,0
DA:110,0
DA:113,0
DA:114,0
DA:115,0
DA:118,0
DA:119,0
DA:122,0
DA:123,0
LF:68
LH:0
end_of_record
SF:lib\application\cities_overview\cities_overview_event.dart
DA:5,0
DA:6,0
DA:8,0
DA:9,0
DA:10,0
DA:12,0
LF:6
LH:0
end_of_record
SF:lib\application\cities_overview\cities_overview_state.dart
DA:5,0
DA:12,0
DA:13,0
DA:16,0
LF:4
LH:0
end_of_record
SF:lib\application\network_info\internet_checker_network_info.dart
DA:8,0
DA:11,0
DA:14,0
LF:3
LH:0
end_of_record
SF:lib\injection.dart
DA:5,3
DA:8,0
DA:9,0
LF:3
LH:1
end_of_record
SF:lib\infrastructure\repositories\injectable_module.dart
DA:10,0
DA:11,0
DA:13,0
DA:14,0
DA:16,0
DA:18,0
DA:20,0
DA:22,0
LF:8
LH:0
end_of_record
SF:lib\infrastructure\repositories\retrofit_client.dart
DA:12,0
LF:1
LH:0
end_of_record
SF:lib\infrastructure\repositories\retrofit_client.g.dart
DA:10,0
DA:11,0
DA:19,0
DA:21,0
DA:22,0
DA:23,0
DA:24,0
DA:25,0
DA:27,0
DA:28,0
DA:30,0
DA:31,0
DA:36,0
DA:38,0
DA:42,0
DA:43,0
DA:44,0
DA:45,0
DA:47,0
DA:50,0
DA:51,0
DA:55,0
DA:56,0
DA:57,0
DA:58,0
DA:59,0
DA:60,0
DA:62,0
LF:28
LH:0
end_of_record
SF:lib\infrastructure\repositories\shared_pref_repository.dart
DA:15,1
DA:19,1
DA:22,2
DA:23,1
DA:24,1
DA:28,1
DA:29,1
DA:35,4
DA:36,1
DA:37,1
DA:38,1
DA:40,0
DA:41,0
DA:45,2
DA:49,1
DA:51,2
DA:53,3
DA:54,1
DA:55,3
DA:56,1
DA:58,0
DA:59,1
DA:60,2
DA:61,4
DA:63,2
DA:64,0
DA:65,1
DA:67,1
DA:68,1
DA:72,1
DA:74,2
DA:75,4
DA:79,1
DA:81,2
DA:82,4
DA:84,5
DA:85,2
DA:86,0
DA:88,1
DA:89,2
DA:90,1
LF:41
LH:36
end_of_record
SF:lib\injection.config.dart
DA:28,0
DA:30,0
DA:31,0
DA:32,0
DA:33,0
DA:34,0
DA:35,0
DA:36,0
DA:37,0
DA:38,0
DA:39,0
DA:40,0
DA:42,0
DA:43,0
DA:44,0
DA:45,0
DA:46,0
DA:47,0
DA:48,0
LF:19
LH:0
end_of_record
